<?xml version="1.0" encoding="UTF-8"?>
<!-- Generated by org.testng.reporters.JUnitXMLReporter -->
<testsuite hostname="DELL" ignored="8" name="Leads" tests="5" failures="0" timestamp="2022-09-02T22:35:17 IST" time="70.619" errors="0">
  <testcase name="runLogin" time="5.397" classname="com.leaftaps.testcases.TC001_VerifyLogin"/>
  <testcase name="runLogin" time="35.129" classname="com.leaftaps.testcases.TC002_CreateLead"/>
  <testcase name="runLogin" time="47.75" classname="com.leaftaps.testcases.TC003_Editlead"/>
  <testcase name="runLogin" time="47.982" classname="com.leaftaps.testcases.TC005_DuplicateLead"/>
  <testcase name="runLogin" time="50.103" classname="com.leaftaps.testcases.TC004_DeleteLead"/>
  <testcase name="@AfterSuite endResult" time="0.0" classname="com.framework.utils.Reporter">
    <ignored/>
  </testcase> <!-- @AfterSuite endResult -->
  <testcase name="@AfterSuite endResult" time="0.0" classname="com.framework.utils.Reporter">
    <ignored/>
  </testcase> <!-- @AfterSuite endResult -->
  <testcase name="@AfterSuite endResult" time="0.0" classname="com.framework.utils.Reporter">
    <ignored/>
  </testcase> <!-- @AfterSuite endResult -->
  <testcase name="@AfterSuite endResult" time="0.0" classname="com.framework.utils.Reporter">
    <ignored/>
  </testcase> <!-- @AfterSuite endResult -->
  <testcase name="@BeforeSuite startReport" time="0.0" classname="com.framework.utils.Reporter">
    <ignored/>
  </testcase> <!-- @BeforeSuite startReport -->
  <testcase name="@BeforeSuite startReport" time="0.0" classname="com.framework.utils.Reporter">
    <ignored/>
  </testcase> <!-- @BeforeSuite startReport -->
  <testcase name="@BeforeSuite startReport" time="0.0" classname="com.framework.utils.Reporter">
    <ignored/>
  </testcase> <!-- @BeforeSuite startReport -->
  <testcase name="@BeforeSuite startReport" time="0.0" classname="com.framework.utils.Reporter">
    <ignored/>
  </testcase> <!-- @BeforeSuite startReport -->
</testsuite> <!-- Leads -->
